------------------------------------------------------------------------------------------------------------------------

[2025-05-27 07:55:34 #1 store] 
Database 'C:\Users\ferna\Desktop\RRHH\db\sisrh.odb' is opened by 9404@Carlos

[2025-05-27 07:55:34 #2 store] 
Configuration path: ?

[2025-05-27 07:55:34 #3 type] 
Type com.sisrh.model.Usuario is not enhanced.

[2025-05-27 07:55:34 #4 type] 
Type com.sisrh.model.HistorialSesion is not enhanced.

[2025-05-27 07:55:34 #5 type] 
Type com.sisrh.model.Configuracion is not enhanced.

------------------------------------------------------------------------------------------------------------------------

[2025-05-27 07:57:33 #1 server] 
Server on port 6136 has started by 23376@Carlos

------------------------------------------------------------------------------------------------------------------------

[2025-05-27 07:57:48 #1 server] 
java.net.BindException: Address already in use: bind
	at java.base/sun.nio.ch.Net.bind0(Native Method)
	at java.base/sun.nio.ch.Net.bind(Net.java:565)
	at java.base/sun.nio.ch.Net.bind(Net.java:554)
	at java.base/sun.nio.ch.NioSocketImpl.bind(NioSocketImpl.java:636)
	at java.base/java.net.ServerSocket.bind(ServerSocket.java:390)
	at java.base/java.net.ServerSocket.<init>(ServerSocket.java:277)
	at java.base/java.net.ServerSocket.<init>(ServerSocket.java:221)
	at com.objectdb.o.SMR.o(SMR.java:260)
	at com.objectdb.o.SMR.f(SMR.java:160)
	at com.objectdb.o.TOL.run(TOL.java:117)
	at com.objectdb.Server.runCommand(Server.java:193)
	at com.objectdb.Server.run(Server.java:102)
	at com.objectdb.ServerRunner.main(ServerRunner.java:31)

------------------------------------------------------------------------------------------------------------------------

[2025-05-27 07:58:13 #1 server] 
java.net.BindException: Address already in use: bind
	at java.base/sun.nio.ch.Net.bind0(Native Method)
	at java.base/sun.nio.ch.Net.bind(Net.java:565)
	at java.base/sun.nio.ch.Net.bind(Net.java:554)
	at java.base/sun.nio.ch.NioSocketImpl.bind(NioSocketImpl.java:636)
	at java.base/java.net.ServerSocket.bind(ServerSocket.java:390)
	at java.base/java.net.ServerSocket.<init>(ServerSocket.java:277)
	at java.base/java.net.ServerSocket.<init>(ServerSocket.java:221)
	at com.objectdb.o.SMR.o(SMR.java:260)
	at com.objectdb.o.SMR.f(SMR.java:160)
	at com.objectdb.o.TOL.run(TOL.java:117)
	at com.objectdb.Server.runCommand(Server.java:193)
	at com.objectdb.Server.run(Server.java:102)
	at com.objectdb.ServerRunner.main(ServerRunner.java:31)

------------------------------------------------------------------------------------------------------------------------

[2025-05-27 07:58:25 #1 store] 
Database 'C:\Users\ferna\Desktop\RRHH\db\sisrh.odb' has been recovered (tr. 1-12)

[2025-05-27 07:58:25 #2 store] 
Database 'C:\Users\ferna\Desktop\RRHH\db\sisrh.odb' is opened by 22080@Carlos

[2025-05-27 07:58:25 #3 store] 
Configuration path: ?

[2025-05-27 07:58:25 #4 type] 
Type com.sisrh.model.Usuario is not enhanced.

[2025-05-27 07:58:25 #5 type] 
Type com.sisrh.model.HistorialSesion is not enhanced.

[2025-05-27 07:58:25 #6 type] 
Type com.sisrh.model.Configuracion is not enhanced.

------------------------------------------------------------------------------------------------------------------------

[2025-05-27 07:59:26 #1 store] 
Database 'C:\Users\ferna\Desktop\RRHH\db\sisrh.odb' is opened by 24876@Carlos

[2025-05-27 07:59:26 #2 store] 
Configuration path: ?

[2025-05-27 07:59:26 #3 type] 
Type com.sisrh.model.Usuario is not enhanced.

[2025-05-27 07:59:26 #4 type] 
Type com.sisrh.model.HistorialSesion is not enhanced.

[2025-05-27 07:59:26 #5 type] 
Type com.sisrh.model.Configuracion is not enhanced.

------------------------------------------------------------------------------------------------------------------------

[2025-05-27 08:00:00 #1 store] 
Database 'C:\Users\ferna\Desktop\RRHH\db\sisrh.odb' is opened by 19088@Carlos

[2025-05-27 08:00:00 #2 store] 
Configuration path: ?

[2025-05-27 08:00:00 #3 type] 
Type com.sisrh.model.Usuario is not enhanced.

[2025-05-27 08:00:00 #4 type] 
Type com.sisrh.model.HistorialSesion is not enhanced.

[2025-05-27 08:00:00 #5 type] 
Type com.sisrh.model.Configuracion is not enhanced.

------------------------------------------------------------------------------------------------------------------------

[2025-05-27 08:04:10 #1 store] 
Database 'C:\Users\ferna\Desktop\RRHH\db\sisrh.odb' is opened by 22868@Carlos

[2025-05-27 08:04:10 #2 store] 
Configuration path: ?

[2025-05-27 08:04:10 #3 type] 
Type com.sisrh.model.Usuario is not enhanced.

[2025-05-27 08:04:10 #4 type] 
Type com.sisrh.model.HistorialSesion is not enhanced.

[2025-05-27 08:04:10 #5 type] 
Type com.sisrh.model.Configuracion is not enhanced.

------------------------------------------------------------------------------------------------------------------------

[2025-05-27 08:08:41 #1 server] 
java.net.BindException: Address already in use: bind
	at java.base/sun.nio.ch.Net.bind0(Native Method)
	at java.base/sun.nio.ch.Net.bind(Net.java:565)
	at java.base/sun.nio.ch.Net.bind(Net.java:554)
	at java.base/sun.nio.ch.NioSocketImpl.bind(NioSocketImpl.java:636)
	at java.base/java.net.ServerSocket.bind(ServerSocket.java:390)
	at java.base/java.net.ServerSocket.<init>(ServerSocket.java:277)
	at java.base/java.net.ServerSocket.<init>(ServerSocket.java:221)
	at com.objectdb.o.SMR.o(SMR.java:260)
	at com.objectdb.o.SMR.f(SMR.java:160)
	at com.objectdb.o.TOL.run(TOL.java:117)
	at com.objectdb.Server.runCommand(Server.java:193)
	at com.objectdb.Server.run(Server.java:102)
	at com.objectdb.ServerRunner.main(ServerRunner.java:31)

------------------------------------------------------------------------------------------------------------------------

[2025-05-27 08:08:49 #1 store] 
Database 'C:\Users\ferna\Desktop\RRHH\db\sisrh.odb' has been recovered (tr. 13-15)

[2025-05-27 08:08:49 #2 store] 
Database 'C:\Users\ferna\Desktop\RRHH\db\sisrh.odb' is opened by 4848@Carlos

[2025-05-27 08:08:49 #3 store] 
Configuration path: ?

[2025-05-27 08:08:49 #4 type] 
Type com.sisrh.model.Usuario is not enhanced.

[2025-05-27 08:08:49 #5 type] 
Type com.sisrh.model.HistorialSesion is not enhanced.

[2025-05-27 08:08:49 #6 type] 
Type com.sisrh.model.Configuracion is not enhanced.

------------------------------------------------------------------------------------------------------------------------

[2025-05-27 08:11:05 #1 store] 
Database 'C:\Users\ferna\Desktop\RRHH\db\sisrh.odb' has been recovered (tr. 16-17)

[2025-05-27 08:11:05 #2 store] 
Database 'C:\Users\ferna\Desktop\RRHH\db\sisrh.odb' is opened by 23028@Carlos

[2025-05-27 08:11:05 #3 store] 
Configuration path: ?

[2025-05-27 08:11:05 #4 type] 
Type com.sisrh.model.Usuario is not enhanced.

[2025-05-27 08:11:05 #5 type] 
Type com.sisrh.model.HistorialSesion is not enhanced.

[2025-05-27 08:11:05 #6 type] 
Type com.sisrh.model.Configuracion is not enhanced.

[2025-05-27 08:11:13 #7 type] 
Type com.sisrh.model.Cargo is not enhanced.

[2025-05-27 08:11:13 #8 type] 
Type com.sisrh.model.Categoria is not enhanced.

------------------------------------------------------------------------------------------------------------------------

[2025-05-27 08:14:23 #1 store] 
Database 'C:\Users\ferna\Desktop\RRHH\db\sisrh.odb' has been recovered (tr. 18-20)

[2025-05-27 08:14:23 #2 store] 
Database 'C:\Users\ferna\Desktop\RRHH\db\sisrh.odb' is opened by 21476@Carlos

[2025-05-27 08:14:23 #3 store] 
Configuration path: ?

[2025-05-27 08:14:23 #4 type] 
Type com.sisrh.model.Usuario is not enhanced.

[2025-05-27 08:14:23 #5 type] 
Type com.sisrh.model.HistorialSesion is not enhanced.

[2025-05-27 08:14:23 #6 type] 
Type com.sisrh.model.Configuracion is not enhanced.

[2025-05-27 08:14:23 #7 type] 
Type com.sisrh.model.Cargo is not enhanced.

[2025-05-27 08:14:23 #8 type] 
Type com.sisrh.model.Categoria is not enhanced.

[2025-05-27 08:14:41 #9 type] 
Type com.sisrh.model.Salario is not enhanced.

[2025-05-27 08:14:41 #10 type] 
Type com.sisrh.model.Empleado is not enhanced.

[2025-05-27 08:14:41 #11 type] 
Type com.sisrh.model.HistorialLaboral is not enhanced.

[2025-05-27 08:14:41 #12 type] 
Type com.sisrh.model.Contrato is not enhanced.

------------------------------------------------------------------------------------------------------------------------

[2025-05-27 08:17:06 #1 store] 
Database 'C:\Users\ferna\Desktop\RRHH\db\sisrh.odb' has been recovered (tr. 21-23)

[2025-05-27 08:17:06 #2 store] 
Database 'C:\Users\ferna\Desktop\RRHH\db\sisrh.odb' is opened by 11368@Carlos

[2025-05-27 08:17:06 #3 store] 
Configuration path: ?

[2025-05-27 08:17:06 #4 type] 
Type com.sisrh.model.Usuario is not enhanced.

[2025-05-27 08:17:06 #5 type] 
Type com.sisrh.model.HistorialSesion is not enhanced.

[2025-05-27 08:17:06 #6 type] 
Type com.sisrh.model.Configuracion is not enhanced.

[2025-05-27 08:17:06 #7 type] 
Type com.sisrh.model.Cargo is not enhanced.

[2025-05-27 08:17:06 #8 type] 
Type com.sisrh.model.Categoria is not enhanced.

[2025-05-27 08:17:06 #9 type] 
Type com.sisrh.model.Salario is not enhanced.

[2025-05-27 08:17:06 #10 type] 
Type com.sisrh.model.Empleado is not enhanced.

[2025-05-27 08:17:06 #11 type] 
Type com.sisrh.model.HistorialLaboral is not enhanced.

[2025-05-27 08:17:06 #12 type] 
Type com.sisrh.model.Contrato is not enhanced.

------------------------------------------------------------------------------------------------------------------------

[2025-05-27 08:17:30 #1 server] 
Server on port 6136 has started by 24664@Carlos

------------------------------------------------------------------------------------------------------------------------

[2025-05-27 08:17:49 #1 store] 
Database 'C:\Users\ferna\Desktop\RRHH\db\sisrh.odb' is opened by 23436@Carlos

[2025-05-27 08:17:49 #2 store] 
Configuration path: ?

[2025-05-27 08:17:49 #3 type] 
Type com.sisrh.model.Usuario is not enhanced.

[2025-05-27 08:17:49 #4 type] 
Type com.sisrh.model.HistorialSesion is not enhanced.

[2025-05-27 08:17:49 #5 type] 
Type com.sisrh.model.Configuracion is not enhanced.

[2025-05-27 08:17:49 #6 type] 
Type com.sisrh.model.Cargo is not enhanced.

[2025-05-27 08:17:49 #7 type] 
Type com.sisrh.model.Categoria is not enhanced.

[2025-05-27 08:17:49 #8 type] 
Type com.sisrh.model.Salario is not enhanced.

[2025-05-27 08:17:49 #9 type] 
Type com.sisrh.model.Empleado is not enhanced.

[2025-05-27 08:17:49 #10 type] 
Type com.sisrh.model.HistorialLaboral is not enhanced.

[2025-05-27 08:17:49 #11 type] 
Type com.sisrh.model.Contrato is not enhanced.

------------------------------------------------------------------------------------------------------------------------

[2025-05-27 08:18:57 #1 store] 
Database 'C:\Users\ferna\Desktop\RRHH\db\sisrh.odb' has been recovered (tr. 24-25)

[2025-05-27 08:18:57 #2 store] 
Database 'C:\Users\ferna\Desktop\RRHH\db\sisrh.odb' is opened by 22204@Carlos

[2025-05-27 08:18:57 #3 store] 
Configuration path: ?

[2025-05-27 08:18:57 #4 type] 
Type com.sisrh.model.Usuario is not enhanced.

[2025-05-27 08:18:57 #5 type] 
Type com.sisrh.model.HistorialSesion is not enhanced.

[2025-05-27 08:18:57 #6 type] 
Type com.sisrh.model.Configuracion is not enhanced.

[2025-05-27 08:18:57 #7 type] 
Type com.sisrh.model.Cargo is not enhanced.

[2025-05-27 08:18:57 #8 type] 
Type com.sisrh.model.Categoria is not enhanced.

[2025-05-27 08:18:57 #9 type] 
Type com.sisrh.model.Salario is not enhanced.

[2025-05-27 08:18:57 #10 type] 
Type com.sisrh.model.Empleado is not enhanced.

[2025-05-27 08:18:57 #11 type] 
Type com.sisrh.model.HistorialLaboral is not enhanced.

[2025-05-27 08:18:57 #12 type] 
Type com.sisrh.model.Contrato is not enhanced.

------------------------------------------------------------------------------------------------------------------------

[2025-05-27 08:22:48 #1 store] 
Database 'C:\Users\ferna\Desktop\RRHH\db\sisrh.odb' has been recovered (tr. 26-27)

[2025-05-27 08:22:48 #2 store] 
Database 'C:\Users\ferna\Desktop\RRHH\db\sisrh.odb' is opened by 1368@Carlos

[2025-05-27 08:22:48 #3 store] 
Configuration path: ?

[2025-05-27 08:22:48 #4 type] 
Type com.sisrh.model.Usuario is not enhanced.

[2025-05-27 08:22:48 #5 type] 
Type com.sisrh.model.HistorialSesion is not enhanced.

[2025-05-27 08:22:48 #6 type] 
Type com.sisrh.model.Configuracion is not enhanced.

[2025-05-27 08:22:48 #7 type] 
Type com.sisrh.model.Cargo is not enhanced.

[2025-05-27 08:22:48 #8 type] 
Type com.sisrh.model.Categoria is not enhanced.

[2025-05-27 08:22:48 #9 type] 
Type com.sisrh.model.Salario is not enhanced.

[2025-05-27 08:22:48 #10 type] 
Type com.sisrh.model.Empleado is not enhanced.

[2025-05-27 08:22:48 #11 type] 
Type com.sisrh.model.HistorialLaboral is not enhanced.

[2025-05-27 08:22:48 #12 type] 
Type com.sisrh.model.Contrato is not enhanced.

